<?xml version="1.0" encoding="UTF-8"?>
<!-- Generated by org.testng.reporters.JUnitXMLReporter -->
<testsuite ignored="2" hostname="DESKTOP-3N0D4R6" failures="1" tests="1" name="test_Home_Page_Tabs_Presence" time="34.562" errors="0" timestamp="08 Aug 2019 23:53:55 GMT">
  <testcase classname="tests.TestHomePage" name="test_Home_Page_Tabs_Presence" time="0.0">
    <failure type="java.lang.NullPointerException">
      <![CDATA[java.lang.NullPointerException
at pageObjects.CommonOperations.webElementIsDisplayed(CommonOperations.java:28)
at tests.TestHomePage.test_Home_Page_Tabs_Presence(TestHomePage.java:62)
at utils.TestRunner.main(TestRunner.java:167)
... Removed 22 stack frames]]>
    </failure>
  </testcase> <!-- test_Home_Page_Tabs_Presence -->
  <testcase classname="tests.TestHomePage" name="test_Home_Page_Appear_Correct" time="0.0">
    <ignored/>
  </testcase> <!-- test_Home_Page_Appear_Correct -->
  <testcase classname="tests.TestHomePage" name="test_Featured_Tours" time="0.0">
    <ignored/>
  </testcase> <!-- test_Featured_Tours -->
</testsuite> <!-- test_Home_Page_Tabs_Presence -->
