<?xml version="1.0" encoding="UTF-8"?>
<!-- Generated by org.testng.reporters.JUnitXMLReporter -->
<testsuite ignored="1" hostname="DESKTOP-3N0D4R6" failures="0" tests="0" time="0.904" errors="0" timestamp="10 Feb 2020 03:36:45 GMT">
  <testcase classname="tests.TestHomePage" name="@AfterTest afterTest" time="0.654">
    <failure type="java.lang.NullPointerException">
      <![CDATA[java.lang.NullPointerException
at tests.TestHomePage.afterTest(TestHomePage.java:197)
at utils.TestRunner.main(TestRunner.java:137)
... Removed 21 stack frames]]>
    </failure>
  </testcase> <!-- @AfterTest afterTest -->
  <testcase classname="tests.TestHomePage" name="search_QAAutomation_Engineer" time="0.0">
    <ignored/>
  </testcase> <!-- search_QAAutomation_Engineer -->
</testsuite>
