<?xml version="1.0" encoding="UTF-8"?>
<testng-results ignored="0" total="1" passed="1" failed="0" skipped="0">
  <reporter-output>
  </reporter-output>
  <suite started-at="2020-02-10T18:37:32Z" name="Default suite" finished-at="2020-02-10T18:37:45Z" duration-ms="12988">
    <groups>
    </groups>
    <test started-at="2020-02-10T18:37:32Z" name="Default test" finished-at="2020-02-10T18:37:45Z" duration-ms="12988">
      <class name="tests.TestHomePage">
        <test-method is-config="true" signature="setup()[pri:0, instance:tests.TestHomePage@79efed2d]" started-at="2020-02-10T18:37:32Z" name="setup" finished-at="2020-02-10T18:37:44Z" duration-ms="12367" status="PASS">
          <reporter-output>
          </reporter-output>
        </test-method> <!-- setup -->
        <test-method signature="search_QAAutomation_Engineer()[pri:0, instance:tests.TestHomePage@79efed2d]" started-at="2020-02-10T18:37:44Z" name="search_QAAutomation_Engineer" finished-at="2020-02-10T18:37:44Z" duration-ms="3" status="PASS">
          <reporter-output>
          </reporter-output>
        </test-method> <!-- search_QAAutomation_Engineer -->
        <test-method is-config="true" signature="afterMethod(org.testng.ITestResult)[pri:0, instance:tests.TestHomePage@79efed2d]" started-at="2020-02-10T18:37:44Z" name="afterMethod" finished-at="2020-02-10T18:37:44Z" duration-ms="2" status="PASS">
          <params>
            <param index="0">
              <value>
                <![CDATA[[TestResult name=search_QAAutomation_Engineer status=SUCCESS method=TestHomePage.search_QAAutomation_Engineer()[pri:0, instance:tests.TestHomePage@79efed2d] output={null}]]]>
              </value>
            </param>
          </params>
          <reporter-output>
          </reporter-output>
        </test-method> <!-- afterMethod -->
        <test-method is-config="true" signature="afterTest()[pri:0, instance:tests.TestHomePage@79efed2d]" started-at="2020-02-10T18:37:44Z" name="afterTest" finished-at="2020-02-10T18:37:45Z" duration-ms="601" status="PASS">
          <reporter-output>
          </reporter-output>
        </test-method> <!-- afterTest -->
      </class> <!-- tests.TestHomePage -->
    </test> <!-- Default test -->
  </suite> <!-- Default suite -->
</testng-results>
